android/app/proguard-rules.pro
-keep class com.fossisawesome.firmium.data.** { *; }
-keep class com.google.gson.** { *; }
-keepattributes Signature
-keepattributes *Annotation*
-dontwarn okhttp3.**
-dontwarn okio.**