android/app/build/outputs/mapping/release/seeds.txt
com.fossisawesome.firmium.data.api.AuthManager
com.fossisawesome.firmium.data.api.ApiClient$getLyrics$1
com.fossisawesome.firmium.data.storage.PlaylistRepository$load$1
com.fossisawesome.firmium.MainActivity
com.fossisawesome.firmium.data.api.ApiClient$getAlbumDetail$1
com.fossisawesome.firmium.data.storage.AppPreferences$special$$inlined$map$11$2
com.fossisawesome.firmium.data.storage.AppPreferences$setUsername$2
com.fossisawesome.firmium.data.storage.AppPreferences$special$$inlined$map$7
com.fossisawesome.firmium.data.storage.AppPreferences$special$$inlined$map$10
com.fossisawesome.firmium.data.storage.AppPreferences$setThemeId$2
com.fossisawesome.firmium.data.model.Album
com.fossisawesome.firmium.data.storage.AppPreferences$setCrossfadeEnabled$2
com.fossisawesome.firmium.data.storage.AppPreferences$special$$inlined$map$8
com.fossisawesome.firmium.data.storage.AppPreferences$setCrossfadeDuration$2
com.fossisawesome.firmium.data.storage.PlaylistRepository$mutate$1
com.fossisawesome.firmium.data.model.ArtistDetail
com.fossisawesome.firmium.viewmodel.PlaylistViewModel
com.fossisawesome.firmium.data.api.ApiClient$getArtists$1
com.fossisawesome.firmium.data.api.ApiClient$LyricsResult
com.fossisawesome.firmium.data.storage.AppPreferences$special$$inlined$map$6
com.fossisawesome.firmium.data.storage.AppPreferences$setRepeatMode$2
com.fossisawesome.firmium.data.storage.AppPreferences$special$$inlined$map$9$2
com.fossisawesome.firmium.audio.NowPlayingService
com.fossisawesome.firmium.data.api.ApiClient$getNewestAlbums$1
com.fossisawesome.firmium.data.storage.AppPreferences$special$$inlined$map$7$2$1
com.fossisawesome.firmium.data.storage.AppPreferences$special$$inlined$map$4$2
com.fossisawesome.firmium.data.storage.PlaylistRepository$special$$inlined$map$1$2$1
com.fossisawesome.firmium.data.storage.AppPreferences$special$$inlined$map$3$2$1
com.fossisawesome.firmium.data.storage.PlaylistRepository$listType$1
com.fossisawesome.firmium.data.storage.AppPreferences$setGaplessEnabled$2
com.fossisawesome.firmium.data.storage.AppPreferences$special$$inlined$map$9$2$1
com.fossisawesome.firmium.data.api.AuthManager$persistCredentials$1
com.fossisawesome.firmium.data.api.ApiClient$fetch$1
com.fossisawesome.firmium.data.storage.AppPreferences$special$$inlined$map$11
com.fossisawesome.firmium.data.api.SessionExpiredException
com.fossisawesome.firmium.data.storage.AppPreferences$special$$inlined$map$3
com.fossisawesome.firmium.data.storage.AppPreferences$special$$inlined$map$2$2$1
com.fossisawesome.firmium.data.api.AuthManager$Credentials
com.fossisawesome.firmium.data.api.ApiClient$LyricLine
com.fossisawesome.firmium.data.storage.PlaylistRepository$special$$inlined$map$1
com.fossisawesome.firmium.data.storage.AppPreferences$setPlaylistsJson$2
com.fossisawesome.firmium.data.storage.PlaylistRepository
com.fossisawesome.firmium.data.storage.AppPreferences$setUiThemeId$2
com.fossisawesome.firmium.data.storage.AppPreferences$special$$inlined$map$6$2$1
com.fossisawesome.firmium.data.api.ApiClient$SearchResults
com.fossisawesome.firmium.data.model.Playlist
com.fossisawesome.firmium.data.storage.AppPreferences$special$$inlined$map$8$2
com.fossisawesome.firmium.data.storage.AppPreferences$special$$inlined$map$4$2$1
com.fossisawesome.firmium.data.storage.AppPreferences$special$$inlined$map$5$2
com.fossisawesome.firmium.data.api.ApiClient$scrobble$1
com.fossisawesome.firmium.data.storage.AppPreferences$special$$inlined$map$2$2
com.fossisawesome.firmium.data.storage.AppPreferences$special$$inlined$map$5
com.fossisawesome.firmium.data.api.ApiClient
com.fossisawesome.firmium.viewmodel.AuthViewModel
com.fossisawesome.firmium.data.storage.AppPreferences$special$$inlined$map$5$2$1
com.fossisawesome.firmium.data.storage.AppPreferences$special$$inlined$map$11$2$1
com.fossisawesome.firmium.data.storage.AppPreferences$special$$inlined$map$7$2
com.fossisawesome.firmium.data.storage.AppPreferences$special$$inlined$map$4
...
androidx.compose.ui.focus.FocusOwnerImpl$modifier$1
com.google.gson.internal.bind.TypeAdapters$8
com.google.gson.internal.bind.TypeAdapters$30
com.google.gson.internal.ConstructorConstructor$17
com.google.gson.internal.bind.TypeAdapters$34$1
com.google.gson.internal.bind.TypeAdapters$5
com.google.gson.internal.LinkedTreeMap$EntrySet$1
com.google.gson.internal.bind.TreeTypeAdapter$GsonContextImpl
com.google.gson.JsonObject
android.support.v4.media.MediaDescriptionCompat
com.google.gson.internal.ConstructorConstructor$2
okhttp3.internal.publicsuffix.PublicSuffixDatabase
androidx.compose.foundation.selection.SelectableElement
com.google.gson.internal.bind.TypeAdapters$EnumTypeAdapter$1
android.support.v4.media.AudioAttributesCompatParcelizer
com.google.gson.internal.reflect.ReflectionHelper$RecordSupportedHelper
com.google.gson.internal.bind.ArrayTypeAdapter$1
androidx.compose.foundation.lazy.layout.LazyLayoutItemAnimator$DisplayingDisappearingItemsElement
com.google.gson.JsonStreamParser
androidx.compose.ui.input.key.KeyInputElement
androidx.compose.foundation.CombinedClickableElement
androidx.navigation.compose.ComposeNavGraphNavigator
com.google.gson.internal.LinkedTreeMap
android.support.v4.media.session.ParcelableVolumeInfo
com.google.gson.Gson$5
com.google.gson.internal.bind.ReflectiveTypeAdapterFactory
com.google.gson.internal.NonNullElementWrapperList
com.google.gson.internal.bind.TypeAdapters$21
com.google.gson.internal.bind.TypeAdapterRuntimeTypeWrapper
com.google.gson.FieldNamingPolicy$6
com.google.gson.internal.bind.DefaultDateTypeAdapter$1
android.support.v4.graphics.drawable.IconCompatParcelizer
androidx.emoji2.text.EmojiCompatInitializer
com.google.gson.internal.ConstructorConstructor$8
com.google.gson.Gson$1
com.google.gson.internal.bind.TypeAdapters$1
androidx.compose.ui.focus.FocusChangedElement
com.google.gson.internal.Streams$AppendableWriter$CurrentWrite
androidx.compose.foundation.text.modifiers.SelectableTextAnnotatedStringElement
com.google.gson.ToNumberStrategy
com.google.gson.annotations.Since
com.google.gson.stream.package-info
com.google.gson.JsonArray
com.google.gson.internal.bind.ReflectiveTypeAdapterFactory$Adapter
com.google.gson.JsonParseException
com.google.gson.JsonPrimitive
com.google.gson.internal.bind.TypeAdapters$EnumTypeAdapter
com.google.gson.internal.ConstructorConstructor$19
androidx.compose.material3.MinimumInteractiveModifier
com.google.gson.internal.reflect.ReflectionHelper$1
com.google.gson.internal.ConstructorConstructor$11
com.google.gson.internal.NumberLimits
com.google.gson.internal.ReflectionAccessFilterHelper$1
androidx.compose.ui.layout.LayoutElement
com.google.gson.FormattingStyle
com.google.gson.internal.bind.TypeAdapters$14
com.google.gson.internal.bind.NumberTypeAdapter$2
com.google.gson.internal.sql.SqlTypesSupport
androidx.lifecycle.ProcessLifecycleOwner$attach$1$onActivityPreCreated$1
com.google.gson.internal.bind.TypeAdapters$7
androidx.annotation.Keep
androidx.compose.ui.layout.OnSizeChangedModifier
com.google.gson.LongSerializationPolicy
com.google.gson.JsonDeserializationContext
com.google.gson.internal.bind.JsonTreeWriter
androidx.core.graphics.drawable.IconCompatParcelizer
com.google.gson.LongSerializationPolicy$1
com.google.gson.internal.TroubleshootingGuide
com.google.gson.internal.bind.ReflectiveTypeAdapterFactory$FieldsData
androidx.compose.foundation.layout.PaddingValuesElement
androidx.compose.ui.draw.ShadowGraphicsLayerElement
com.google.gson.internal.$Gson$Types$GenericArrayTypeImpl
com.google.gson.GsonBuilder
kotlinx.coroutines.internal.StackTraceRecoveryKt
com.google.gson.internal.ConstructorConstructor$5
com.google.gson.internal.LinkedTreeMap$Node
com.google.gson.internal.ConstructorConstructor$14
android.support.v4.media.MediaMetadataCompat
com.google.gson.internal.LinkedTreeMap$LinkedTreeMapIterator
androidx.compose.foundation.FocusableElement
com.google.gson.internal.ObjectConstructor
com.google.gson.stream.MalformedJsonException