android/app/build/outputs/mapping/release/usage.txt
com.fossisawesome.firmium.R$mipmap:
    public static int ic_launcher_foreground
    public static int ic_launcher_round
    private void <init>()
com.fossisawesome.firmium.R$style
com.fossisawesome.firmium.R$xml
com.fossisawesome.firmium.R
com.fossisawesome.firmium.audio.AudioPlayer$stop$1
com.fossisawesome.firmium.audio.AudioPlayer:
    public static synthetic java.lang.String crossfadeTo$default(com.fossisawesome.firmium.audio.AudioPlayer,java.lang.String,java.lang.String,java.lang.String,long,float,java.lang.Float,int,java.lang.Object)
    public final kotlin.Pair getQueueIndex(java.lang.String)
    public final java.lang.String getState(java.lang.String)
    public final float getVolume(java.lang.String)
    public final boolean isFinished(java.lang.String)
    public final java.lang.String play(java.lang.String,java.lang.String,java.lang.Float)
    public static synthetic java.lang.String play$default(com.fossisawesome.firmium.audio.AudioPlayer,java.lang.String,java.lang.String,java.lang.Float,int,java.lang.Object)
    public final java.lang.String preload(java.lang.String,java.lang.String,java.lang.Float)
    public static synthetic java.lang.String preload$default(com.fossisawesome.firmium.audio.AudioPlayer,java.lang.String,java.lang.String,java.lang.Float,int,java.lang.Object)
    public final void release()
    public final void stop(java.lang.String)
    public final void stopAll()
com.fossisawesome.firmium.audio.AudioSession:
    public final androidx.media3.exoplayer.ExoPlayer component1()
    public final java.lang.String component2()
    public final float component3()
    public final float component4()
    public final kotlinx.coroutines.Job component5()
    public final java.util.List component6()
    public final java.util.List component7()
    public final int component8()
    public final com.fossisawesome.firmium.audio.AudioSession copy(androidx.media3.exoplayer.ExoPlayer,java.lang.String,float,float,kotlinx.coroutines.Job,java.util.List,java.util.List,int)
    public static synthetic com.fossisawesome.firmium.audio.AudioSession copy$default(com.fossisawesome.firmium.audio.AudioSession,androidx.media3.exoplayer.ExoPlayer,java.lang.String,float,float,kotlinx.coroutines.Job,java.util.List,java.util.List,int,int,java.lang.Object)
    public final int getCurrentQueueIndex()
    public final java.lang.String getCurrentTrackId()
com.fossisawesome.firmium.audio.NowPlayingControllerKt
com.fossisawesome.firmium.audio.NowPlayingService$Companion:
    public final android.app.Notification getPendingNotification()
com.fossisawesome.firmium.audio.NowPlayingService:
    public static final int $stable
    public static final synthetic android.app.Notification access$getPendingNotification$cp()
com.fossisawesome.firmium.audio.QueueTrack:
    public static final int $stable
    public synthetic void <init>(java.lang.String,java.lang.String,java.lang.Float,int,kotlin.jvm.internal.DefaultConstructorMarker)
    public final java.lang.String component1()
    public final java.lang.String component2()
    public final java.lang.Float component3()
    public final com.fossisawesome.firmium.audio.QueueTrack copy(java.lang.String,java.lang.String,java.lang.Float)
    public static synthetic com.fossisawesome.firmium.audio.QueueTrack copy$default(com.fossisawesome.firmium.audio.QueueTrack,java.lang.String,java.lang.String,java.lang.Float,int,java.lang.Object)
com.fossisawesome.firmium.ui.components.QueueSheetKt$QueueSheet$2$invoke$lambda$3$lambda$2$$inlined$itemsIndexed$default$1
...
androidx.media3.exoplayer.ExoPlayerImplInternal$$InternalSyntheticThrowCCEIfNotNull$176$d1e14c2678a9ea1e5ad2c3f521c8db6848dadee0f0886a8e1853b84ef50a04fd$0
androidx.media3.exoplayer.ExoPlayerImplInternal$$InternalSyntheticThrowCCEIfNotNull$176$d1e14c2678a9ea1e5ad2c3f521c8db6848dadee0f0886a8e1853b84ef50a04fd$1
androidx.media3.exoplayer.ExoPlayerImplInternal$$InternalSyntheticThrowCCEIfNotNull$176$d1e14c2678a9ea1e5ad2c3f521c8db6848dadee0f0886a8e1853b84ef50a04fd$2
androidx.media3.exoplayer.ExoPlayerImplInternal$$InternalSyntheticThrowCCEIfNotNull$176$d1e14c2678a9ea1e5ad2c3f521c8db6848dadee0f0886a8e1853b84ef50a04fd$3
androidx.media3.exoplayer.ExoPlayerImplInternal$$InternalSyntheticThrowCCEIfNotNull$176$d1e14c2678a9ea1e5ad2c3f521c8db6848dadee0f0886a8e1853b84ef50a04fd$4
androidx.media3.exoplayer.ExoPlayerImplInternal$1:
    public static void onSleep()
androidx.media3.exoplayer.ExoPlayerImplInternal$MoveMediaItemsMessage
androidx.media3.exoplayer.ExoPlayerImplInternal$PendingMessageInfo
androidx.media3.exoplayer.ExoPlayerImplInternal$PlaybackInfoUpdate:
    public static void setPlaybackInfo()
    public static void setPositionDiscontinuity()
androidx.media3.exoplayer.ExoPlayerImplInternal$PlaybackInfoUpdateListener
androidx.media3.exoplayer.ExoPlayerImplInternal:
    public final boolean dynamicSchedulingEnabled
    public androidx.media3.common.Timeline$1 lastPreloadPoolInvalidationTimeline
    public final boolean retainBackBufferFromKeyframe
    public long setForegroundModeTimeoutMs
    public static void deliverMessage(androidx.media3.exoplayer.PlayerMessage)
    public final void enableRenderers()
    public static void ensureStopped(androidx.media3.exoplayer.BaseRenderer)
    public static void experimentalSetForegroundModeTimeoutMs()
    public static androidx.media3.common.Format[] getFormats(androidx.media3.exoplayer.trackselection.ExoTrackSelection)
    public static android.os.Looper getPlaybackLooper()
    public final long getTotalBufferedDurationUs()
    public final long getTotalBufferedDurationUs(long)
    public final void handlePlaybackParameters(androidx.media3.common.PlaybackParameters,boolean)
    public static boolean isUsingPlaceholderPeriod(androidx.media3.exoplayer.PlaybackInfo,androidx.media3.common.Timeline$Period)
    public final void onContinueLoadingRequested()
    public final void onPlaybackParametersChanged()
    public final void onPlaylistUpdateRequested()
    public final void onRendererCapabilitiesChanged()
    public final void onTrackSelectionsInvalidated()
    public static void prepare()
    public final synchronized boolean release()
    public final void reselectTracksInternalAndSeek()
    public static void seekTo()
androidx.media3.exoplayer.ExoTimeoutException:
    public final int timeoutOperation
androidx.media3.exoplayer.LivePlaybackSpeedControl
androidx.media3.exoplayer.LoadControl$Parameters:
    public final androidx.media3.exoplayer.source.MediaSource$MediaPeriodId mediaPeriodId
    public final boolean playWhenReady
    public final long playbackPositionUs
    public final boolean rebuffering
    public final long targetLiveOffsetUs
    public final androidx.media3.common.Timeline timeline
androidx.media3.exoplayer.LoadControl:
    public static final androidx.media3.exoplayer.source.MediaSource$MediaPeriodId EMPTY_MEDIA_PERIOD_ID
    static void <clinit>()
    public abstract androidx.media3.exoplayer.upstream.DefaultAllocator getAllocator()
    public abstract long getBackBufferDurationUs()
    public abstract void onPrepared()
    public abstract void onReleased()
    public abstract void onStopped()
    public abstract void onTracksSelected()
    public abstract boolean retainBackBufferFromKeyframe()
    public abstract boolean shouldContinueLoading(androidx.media3.exoplayer.LoadControl$Parameters)
    public abstract boolean shouldStartPlayback()
androidx.media3.exoplayer.LoadingInfo$1